{
  "C:\\GIT\\pokedex\\main\\src\\App.tsx": {
    "path": "C:\\GIT\\pokedex\\main\\src\\App.tsx",
    "all": true,
    "statementMap": {
      "0": {
        "start": { "line": 1, "column": 0 },
        "end": { "line": 1, "column": 65 }
      },
      "1": {
        "start": { "line": 2, "column": 0 },
        "end": { "line": 2, "column": 8 }
      },
      "8": {
        "start": { "line": 9, "column": 0 },
        "end": { "line": 9, "column": 43 }
      },
      "9": {
        "start": { "line": 10, "column": 0 },
        "end": { "line": 10, "column": 60 }
      },
      "10": {
        "start": { "line": 11, "column": 0 },
        "end": { "line": 11, "column": 19 }
      },
      "11": {
        "start": { "line": 12, "column": 0 },
        "end": { "line": 12, "column": 37 }
      },
      "13": {
        "start": { "line": 14, "column": 0 },
        "end": { "line": 14, "column": 69 }
      },
      "14": {
        "start": { "line": 15, "column": 0 },
        "end": { "line": 15, "column": 73 }
      },
      "15": {
        "start": { "line": 16, "column": 0 },
        "end": { "line": 16, "column": 68 }
      },
      "16": {
        "start": { "line": 17, "column": 0 },
        "end": { "line": 17, "column": 49 }
      },
      "17": {
        "start": { "line": 18, "column": 0 },
        "end": { "line": 18, "column": 71 }
      },
      "18": {
        "start": { "line": 19, "column": 0 },
        "end": { "line": 19, "column": 58 }
      },
      "19": {
        "start": { "line": 20, "column": 0 },
        "end": { "line": 20, "column": 60 }
      },
      "21": {
        "start": { "line": 22, "column": 0 },
        "end": { "line": 22, "column": 19 }
      },
      "22": {
        "start": { "line": 23, "column": 0 },
        "end": { "line": 23, "column": 64 }
      },
      "23": {
        "start": { "line": 24, "column": 0 },
        "end": { "line": 24, "column": 57 }
      },
      "24": {
        "start": { "line": 25, "column": 0 },
        "end": { "line": 25, "column": 54 }
      },
      "25": {
        "start": { "line": 26, "column": 0 },
        "end": { "line": 26, "column": 62 }
      },
      "26": {
        "start": { "line": 27, "column": 0 },
        "end": { "line": 27, "column": 53 }
      },
      "27": {
        "start": { "line": 28, "column": 0 },
        "end": { "line": 28, "column": 58 }
      },
      "28": {
        "start": { "line": 29, "column": 0 },
        "end": { "line": 29, "column": 47 }
      },
      "29": {
        "start": { "line": 30, "column": 0 },
        "end": { "line": 30, "column": 39 }
      },
      "31": {
        "start": { "line": 32, "column": 0 },
        "end": { "line": 32, "column": 51 }
      },
      "32": {
        "start": { "line": 33, "column": 0 },
        "end": { "line": 33, "column": 24 }
      },
      "33": {
        "start": { "line": 34, "column": 0 },
        "end": { "line": 34, "column": 19 }
      },
      "34": {
        "start": { "line": 35, "column": 0 },
        "end": { "line": 35, "column": 29 }
      },
      "35": {
        "start": { "line": 36, "column": 0 },
        "end": { "line": 36, "column": 9 }
      },
      "36": {
        "start": { "line": 37, "column": 0 },
        "end": { "line": 37, "column": 37 }
      },
      "37": {
        "start": { "line": 38, "column": 0 },
        "end": { "line": 38, "column": 27 }
      },
      "38": {
        "start": { "line": 39, "column": 0 },
        "end": { "line": 39, "column": 24 }
      },
      "39": {
        "start": { "line": 40, "column": 0 },
        "end": { "line": 40, "column": 30 }
      },
      "40": {
        "start": { "line": 41, "column": 0 },
        "end": { "line": 41, "column": 19 }
      },
      "41": {
        "start": { "line": 42, "column": 0 },
        "end": { "line": 42, "column": 72 }
      },
      "42": {
        "start": { "line": 43, "column": 0 },
        "end": { "line": 43, "column": 31 }
      },
      "43": {
        "start": { "line": 44, "column": 0 },
        "end": { "line": 44, "column": 15 }
      },
      "44": {
        "start": { "line": 45, "column": 0 },
        "end": { "line": 45, "column": 27 }
      },
      "45": {
        "start": { "line": 46, "column": 0 },
        "end": { "line": 46, "column": 5 }
      },
      "46": {
        "start": { "line": 47, "column": 0 },
        "end": { "line": 47, "column": 9 }
      },
      "48": {
        "start": { "line": 49, "column": 0 },
        "end": { "line": 49, "column": 39 }
      },
      "49": {
        "start": { "line": 50, "column": 0 },
        "end": { "line": 50, "column": 35 }
      },
      "50": {
        "start": { "line": 51, "column": 0 },
        "end": { "line": 51, "column": 45 }
      },
      "51": {
        "start": { "line": 52, "column": 0 },
        "end": { "line": 52, "column": 26 }
      },
      "52": {
        "start": { "line": 53, "column": 0 },
        "end": { "line": 53, "column": 21 }
      },
      "53": {
        "start": { "line": 54, "column": 0 },
        "end": { "line": 54, "column": 31 }
      },
      "54": {
        "start": { "line": 55, "column": 0 },
        "end": { "line": 55, "column": 35 }
      },
      "56": {
        "start": { "line": 57, "column": 0 },
        "end": { "line": 57, "column": 26 }
      },
      "57": {
        "start": { "line": 58, "column": 0 },
        "end": { "line": 58, "column": 49 }
      },
      "58": {
        "start": { "line": 59, "column": 0 },
        "end": { "line": 59, "column": 32 }
      },
      "59": {
        "start": { "line": 60, "column": 0 },
        "end": { "line": 60, "column": 15 }
      },
      "60": {
        "start": { "line": 61, "column": 0 },
        "end": { "line": 61, "column": 7 }
      },
      "62": {
        "start": { "line": 63, "column": 0 },
        "end": { "line": 63, "column": 11 }
      },
      "63": {
        "start": { "line": 64, "column": 0 },
        "end": { "line": 64, "column": 55 }
      },
      "64": {
        "start": { "line": 65, "column": 0 },
        "end": { "line": 65, "column": 23 }
      },
      "65": {
        "start": { "line": 66, "column": 0 },
        "end": { "line": 66, "column": 32 }
      },
      "66": {
        "start": { "line": 67, "column": 0 },
        "end": { "line": 67, "column": 10 }
      },
      "67": {
        "start": { "line": 68, "column": 0 },
        "end": { "line": 68, "column": 38 }
      },
      "68": {
        "start": { "line": 69, "column": 0 },
        "end": { "line": 69, "column": 32 }
      },
      "69": {
        "start": { "line": 70, "column": 0 },
        "end": { "line": 70, "column": 60 }
      },
      "70": {
        "start": { "line": 71, "column": 0 },
        "end": { "line": 71, "column": 21 }
      },
      "71": {
        "start": { "line": 72, "column": 0 },
        "end": { "line": 72, "column": 74 }
      },
      "72": {
        "start": { "line": 73, "column": 0 },
        "end": { "line": 73, "column": 24 }
      },
      "73": {
        "start": { "line": 74, "column": 0 },
        "end": { "line": 74, "column": 33 }
      },
      "74": {
        "start": { "line": 75, "column": 0 },
        "end": { "line": 75, "column": 17 }
      },
      "75": {
        "start": { "line": 76, "column": 0 },
        "end": { "line": 76, "column": 29 }
      },
      "76": {
        "start": { "line": 77, "column": 0 },
        "end": { "line": 77, "column": 7 }
      },
      "77": {
        "start": { "line": 78, "column": 0 },
        "end": { "line": 78, "column": 6 }
      },
      "78": {
        "start": { "line": 79, "column": 0 },
        "end": { "line": 79, "column": 21 }
      },
      "79": {
        "start": { "line": 80, "column": 0 },
        "end": { "line": 80, "column": 4 }
      },
      "81": {
        "start": { "line": 82, "column": 0 },
        "end": { "line": 82, "column": 60 }
      },
      "82": {
        "start": { "line": 83, "column": 0 },
        "end": { "line": 83, "column": 26 }
      },
      "83": {
        "start": { "line": 84, "column": 0 },
        "end": { "line": 84, "column": 9 }
      },
      "85": {
        "start": { "line": 86, "column": 0 },
        "end": { "line": 86, "column": 54 }
      },
      "87": {
        "start": { "line": 88, "column": 0 },
        "end": { "line": 88, "column": 60 }
      },
      "88": {
        "start": { "line": 89, "column": 0 },
        "end": { "line": 89, "column": 31 }
      },
      "89": {
        "start": { "line": 90, "column": 0 },
        "end": { "line": 90, "column": 55 }
      },
      "90": {
        "start": { "line": 91, "column": 0 },
        "end": { "line": 91, "column": 4 }
      },
      "91": {
        "start": { "line": 92, "column": 0 },
        "end": { "line": 92, "column": 78 }
      },
      "92": {
        "start": { "line": 93, "column": 0 },
        "end": { "line": 93, "column": 13 }
      },
      "93": {
        "start": { "line": 94, "column": 0 },
        "end": { "line": 94, "column": 16 }
      },
      "94": {
        "start": { "line": 95, "column": 0 },
        "end": { "line": 95, "column": 20 }
      },
      "95": {
        "start": { "line": 96, "column": 0 },
        "end": { "line": 96, "column": 4 }
      },
      "97": {
        "start": { "line": 98, "column": 0 },
        "end": { "line": 98, "column": 19 }
      },
      "98": {
        "start": { "line": 99, "column": 0 },
        "end": { "line": 99, "column": 63 }
      },
      "99": {
        "start": { "line": 100, "column": 0 },
        "end": { "line": 100, "column": 43 }
      },
      "101": {
        "start": { "line": 102, "column": 0 },
        "end": { "line": 102, "column": 33 }
      },
      "102": {
        "start": { "line": 103, "column": 0 },
        "end": { "line": 103, "column": 50 }
      },
      "104": {
        "start": { "line": 105, "column": 0 },
        "end": { "line": 105, "column": 10 }
      },
      "105": {
        "start": { "line": 106, "column": 0 },
        "end": { "line": 106, "column": 31 }
      },
      "106": {
        "start": { "line": 107, "column": 0 },
        "end": { "line": 107, "column": 21 }
      },
      "107": {
        "start": { "line": 108, "column": 0 },
        "end": { "line": 108, "column": 15 }
      },
      "108": {
        "start": { "line": 109, "column": 0 },
        "end": { "line": 109, "column": 37 }
      },
      "109": {
        "start": { "line": 110, "column": 0 },
        "end": { "line": 110, "column": 35 }
      },
      "110": {
        "start": { "line": 111, "column": 0 },
        "end": { "line": 111, "column": 43 }
      },
      "111": {
        "start": { "line": 112, "column": 0 },
        "end": { "line": 112, "column": 10 }
      },
      "112": {
        "start": { "line": 113, "column": 0 },
        "end": { "line": 113, "column": 23 }
      },
      "113": {
        "start": { "line": 114, "column": 0 },
        "end": { "line": 114, "column": 24 }
      },
      "114": {
        "start": { "line": 115, "column": 0 },
        "end": { "line": 115, "column": 21 }
      },
      "115": {
        "start": { "line": 116, "column": 0 },
        "end": { "line": 116, "column": 34 }
      },
      "116": {
        "start": { "line": 117, "column": 0 },
        "end": { "line": 117, "column": 16 }
      },
      "117": {
        "start": { "line": 118, "column": 0 },
        "end": { "line": 118, "column": 41 }
      },
      "118": {
        "start": { "line": 119, "column": 0 },
        "end": { "line": 119, "column": 51 }
      },
      "119": {
        "start": { "line": 120, "column": 0 },
        "end": { "line": 120, "column": 20 }
      },
      "120": {
        "start": { "line": 121, "column": 0 },
        "end": { "line": 121, "column": 14 }
      },
      "121": {
        "start": { "line": 122, "column": 0 },
        "end": { "line": 122, "column": 47 }
      },
      "122": {
        "start": { "line": 123, "column": 0 },
        "end": { "line": 123, "column": 16 }
      },
      "124": {
        "start": { "line": 125, "column": 0 },
        "end": { "line": 125, "column": 12 }
      },
      "125": {
        "start": { "line": 126, "column": 0 },
        "end": { "line": 126, "column": 20 }
      },
      "126": {
        "start": { "line": 127, "column": 0 },
        "end": { "line": 127, "column": 20 }
      },
      "127": {
        "start": { "line": 128, "column": 0 },
        "end": { "line": 128, "column": 24 }
      },
      "128": {
        "start": { "line": 129, "column": 0 },
        "end": { "line": 129, "column": 25 }
      },
      "129": {
        "start": { "line": 130, "column": 0 },
        "end": { "line": 130, "column": 73 }
      },
      "132": {
        "start": { "line": 133, "column": 0 },
        "end": { "line": 133, "column": 72 }
      },
      "133": {
        "start": { "line": 134, "column": 0 },
        "end": { "line": 134, "column": 22 }
      },
      "134": {
        "start": { "line": 135, "column": 0 },
        "end": { "line": 135, "column": 58 }
      },
      "135": {
        "start": { "line": 136, "column": 0 },
        "end": { "line": 136, "column": 73 }
      },
      "136": {
        "start": { "line": 137, "column": 0 },
        "end": { "line": 137, "column": 21 }
      },
      "138": {
        "start": { "line": 139, "column": 0 },
        "end": { "line": 139, "column": 73 }
      },
      "139": {
        "start": { "line": 140, "column": 0 },
        "end": { "line": 140, "column": 42 }
      },
      "140": {
        "start": { "line": 141, "column": 0 },
        "end": { "line": 141, "column": 23 }
      },
      "141": {
        "start": { "line": 142, "column": 0 },
        "end": { "line": 142, "column": 47 }
      },
      "142": {
        "start": { "line": 143, "column": 0 },
        "end": { "line": 143, "column": 36 }
      },
      "143": {
        "start": { "line": 144, "column": 0 },
        "end": { "line": 144, "column": 50 }
      },
      "144": {
        "start": { "line": 145, "column": 0 },
        "end": { "line": 145, "column": 17 }
      },
      "146": {
        "start": { "line": 147, "column": 0 },
        "end": { "line": 147, "column": 25 }
      },
      "147": {
        "start": { "line": 148, "column": 0 },
        "end": { "line": 148, "column": 22 }
      },
      "148": {
        "start": { "line": 149, "column": 0 },
        "end": { "line": 149, "column": 39 }
      },
      "149": {
        "start": { "line": 150, "column": 0 },
        "end": { "line": 150, "column": 23 }
      },
      "150": {
        "start": { "line": 151, "column": 0 },
        "end": { "line": 151, "column": 23 }
      },
      "151": {
        "start": { "line": 152, "column": 0 },
        "end": { "line": 152, "column": 47 }
      },
      "152": {
        "start": { "line": 153, "column": 0 },
        "end": { "line": 153, "column": 36 }
      },
      "153": {
        "start": { "line": 154, "column": 0 },
        "end": { "line": 154, "column": 48 }
      },
      "154": {
        "start": { "line": 155, "column": 0 },
        "end": { "line": 155, "column": 17 }
      },
      "156": {
        "start": { "line": 157, "column": 0 },
        "end": { "line": 157, "column": 25 }
      },
      "157": {
        "start": { "line": 158, "column": 0 },
        "end": { "line": 158, "column": 20 }
      },
      "159": {
        "start": { "line": 160, "column": 0 },
        "end": { "line": 160, "column": 13 }
      },
      "161": {
        "start": { "line": 162, "column": 0 },
        "end": { "line": 162, "column": 22 }
      },
      "162": {
        "start": { "line": 163, "column": 0 },
        "end": { "line": 163, "column": 10 }
      },
      "164": {
        "start": { "line": 165, "column": 0 },
        "end": { "line": 165, "column": 2 }
      },
      "166": {
        "start": { "line": 167, "column": 0 },
        "end": { "line": 167, "column": 19 }
      }
    },
    "s": {
      "0": 0,
      "1": 0,
      "8": 0,
      "9": 0,
      "10": 0,
      "11": 0,
      "13": 0,
      "14": 0,
      "15": 0,
      "16": 0,
      "17": 0,
      "18": 0,
      "19": 0,
      "21": 0,
      "22": 0,
      "23": 0,
      "24": 0,
      "25": 0,
      "26": 0,
      "27": 0,
      "28": 0,
      "29": 0,
      "31": 0,
      "32": 0,
      "33": 0,
      "34": 0,
      "35": 0,
      "36": 0,
      "37": 0,
      "38": 0,
      "39": 0,
      "40": 0,
      "41": 0,
      "42": 0,
      "43": 0,
      "44": 0,
      "45": 0,
      "46": 0,
      "48": 0,
      "49": 0,
      "50": 0,
      "51": 0,
      "52": 0,
      "53": 0,
      "54": 0,
      "56": 0,
      "57": 0,
      "58": 0,
      "59": 0,
      "60": 0,
      "62": 0,
      "63": 0,
      "64": 0,
      "65": 0,
      "66": 0,
      "67": 0,
      "68": 0,
      "69": 0,
      "70": 0,
      "71": 0,
      "72": 0,
      "73": 0,
      "74": 0,
      "75": 0,
      "76": 0,
      "77": 0,
      "78": 0,
      "79": 0,
      "81": 0,
      "82": 0,
      "83": 0,
      "85": 0,
      "87": 0,
      "88": 0,
      "89": 0,
      "90": 0,
      "91": 0,
      "92": 0,
      "93": 0,
      "94": 0,
      "95": 0,
      "97": 0,
      "98": 0,
      "99": 0,
      "101": 0,
      "102": 0,
      "104": 0,
      "105": 0,
      "106": 0,
      "107": 0,
      "108": 0,
      "109": 0,
      "110": 0,
      "111": 0,
      "112": 0,
      "113": 0,
      "114": 0,
      "115": 0,
      "116": 0,
      "117": 0,
      "118": 0,
      "119": 0,
      "120": 0,
      "121": 0,
      "122": 0,
      "124": 0,
      "125": 0,
      "126": 0,
      "127": 0,
      "128": 0,
      "129": 0,
      "132": 0,
      "133": 0,
      "134": 0,
      "135": 0,
      "136": 0,
      "138": 0,
      "139": 0,
      "140": 0,
      "141": 0,
      "142": 0,
      "143": 0,
      "144": 0,
      "146": 0,
      "147": 0,
      "148": 0,
      "149": 0,
      "150": 0,
      "151": 0,
      "152": 0,
      "153": 0,
      "154": 0,
      "156": 0,
      "157": 0,
      "159": 0,
      "161": 0,
      "162": 0,
      "164": 0,
      "166": 0
    },
    "branchMap": {
      "0": {
        "type": "branch",
        "line": 1,
        "loc": {
          "start": { "line": 1, "column": 3356 },
          "end": { "line": 167, "column": -1570 }
        },
        "locations": [
          {
            "start": { "line": 1, "column": 3356 },
            "end": { "line": 167, "column": -1570 }
          }
        ]
      }
    },
    "b": { "0": [0] },
    "fnMap": {
      "0": {
        "name": "(empty-report)",
        "decl": {
          "start": { "line": 1, "column": 3356 },
          "end": { "line": 167, "column": -1570 }
        },
        "loc": {
          "start": { "line": 1, "column": 3356 },
          "end": { "line": 167, "column": -1570 }
        },
        "line": 1
      }
    },
    "f": { "0": 0 }
  },
  "C:\\GIT\\pokedex\\main\\src\\main.tsx": {
    "path": "C:\\GIT\\pokedex\\main\\src\\main.tsx",
    "all": true,
    "statementMap": {
      "0": {
        "start": { "line": 1, "column": 0 },
        "end": { "line": 1, "column": 35 }
      },
      "1": {
        "start": { "line": 2, "column": 0 },
        "end": { "line": 2, "column": 46 }
      },
      "2": {
        "start": { "line": 3, "column": 0 },
        "end": { "line": 3, "column": 28 }
      },
      "3": {
        "start": { "line": 4, "column": 0 },
        "end": { "line": 4, "column": 45 }
      },
      "5": {
        "start": { "line": 6, "column": 0 },
        "end": { "line": 6, "column": 66 }
      },
      "6": {
        "start": { "line": 7, "column": 0 },
        "end": { "line": 7, "column": 14 }
      },
      "7": {
        "start": { "line": 8, "column": 0 },
        "end": { "line": 8, "column": 19 }
      },
      "8": {
        "start": { "line": 9, "column": 0 },
        "end": { "line": 9, "column": 13 }
      },
      "9": {
        "start": { "line": 10, "column": 0 },
        "end": { "line": 10, "column": 20 }
      },
      "10": {
        "start": { "line": 11, "column": 0 },
        "end": { "line": 11, "column": 15 }
      },
      "11": {
        "start": { "line": 12, "column": 0 },
        "end": { "line": 12, "column": 2 }
      }
    },
    "s": {
      "0": 0,
      "1": 0,
      "2": 0,
      "3": 0,
      "5": 0,
      "6": 0,
      "7": 0,
      "8": 0,
      "9": 0,
      "10": 0,
      "11": 0
    },
    "branchMap": {
      "0": {
        "type": "branch",
        "line": 1,
        "loc": {
          "start": { "line": 1, "column": 267 },
          "end": { "line": 12, "column": -230 }
        },
        "locations": [
          {
            "start": { "line": 1, "column": 267 },
            "end": { "line": 12, "column": -230 }
          }
        ]
      }
    },
    "b": { "0": [0] },
    "fnMap": {
      "0": {
        "name": "(empty-report)",
        "decl": {
          "start": { "line": 1, "column": 267 },
          "end": { "line": 12, "column": -230 }
        },
        "loc": {
          "start": { "line": 1, "column": 267 },
          "end": { "line": 12, "column": -230 }
        },
        "line": 1
      }
    },
    "f": { "0": 0 }
  },
  "C:\\GIT\\pokedex\\main\\src\\components\\Button\\Button.tsx": {
    "path": "C:\\GIT\\pokedex\\main\\src\\components\\Button\\Button.tsx",
    "all": false,
    "statementMap": {
      "1": {
        "start": { "line": 2, "column": 0 },
        "end": { "line": 2, "column": 22 }
      },
      "3": {
        "start": { "line": 4, "column": 0 },
        "end": { "line": 4, "column": 64 }
      },
      "4": {
        "start": { "line": 5, "column": 0 },
        "end": { "line": 5, "column": 10 }
      },
      "5": {
        "start": { "line": 6, "column": 0 },
        "end": { "line": 6, "column": 52 }
      },
      "6": {
        "start": { "line": 7, "column": 0 },
        "end": { "line": 7, "column": 16 }
      },
      "7": {
        "start": { "line": 8, "column": 0 },
        "end": { "line": 8, "column": 13 }
      },
      "9": {
        "start": { "line": 10, "column": 0 },
        "end": { "line": 10, "column": 1 }
      },
      "11": {
        "start": { "line": 12, "column": 0 },
        "end": { "line": 12, "column": 22 }
      }
    },
    "s": {
      "1": 1,
      "3": 12,
      "4": 12,
      "5": 12,
      "6": 12,
      "7": 12,
      "9": 12,
      "11": 1
    },
    "branchMap": {
      "0": {
        "type": "branch",
        "line": 4,
        "loc": {
          "start": { "line": 4, "column": 0 },
          "end": { "line": 10, "column": 1 }
        },
        "locations": [
          {
            "start": { "line": 4, "column": 0 },
            "end": { "line": 10, "column": 1 }
          }
        ]
      }
    },
    "b": { "0": [12] },
    "fnMap": {
      "0": {
        "name": "Button",
        "decl": {
          "start": { "line": 4, "column": 0 },
          "end": { "line": 10, "column": 1 }
        },
        "loc": {
          "start": { "line": 4, "column": 0 },
          "end": { "line": 10, "column": 1 }
        },
        "line": 4
      }
    },
    "f": { "0": 12 }
  },
  "C:\\GIT\\pokedex\\main\\src\\components\\Card\\Card.tsx": {
    "path": "C:\\GIT\\pokedex\\main\\src\\components\\Card\\Card.tsx",
    "all": false,
    "statementMap": {
      "0": {
        "start": { "line": 1, "column": 0 },
        "end": { "line": 1, "column": 44 }
      },
      "1": {
        "start": { "line": 2, "column": 0 },
        "end": { "line": 2, "column": 36 }
      },
      "2": {
        "start": { "line": 3, "column": 0 },
        "end": { "line": 3, "column": 57 }
      },
      "3": {
        "start": { "line": 4, "column": 0 },
        "end": { "line": 4, "column": 20 }
      },
      "5": {
        "start": { "line": 6, "column": 0 },
        "end": { "line": 6, "column": 50 }
      },
      "11": {
        "start": { "line": 12, "column": 0 },
        "end": { "line": 12, "column": 39 }
      },
      "12": {
        "start": { "line": 13, "column": 0 },
        "end": { "line": 13, "column": 34 }
      },
      "13": {
        "start": { "line": 14, "column": 0 },
        "end": { "line": 14, "column": 47 }
      },
      "14": {
        "start": { "line": 15, "column": 0 },
        "end": { "line": 15, "column": 59 }
      },
      "15": {
        "start": { "line": 16, "column": 0 },
        "end": { "line": 16, "column": 51 }
      },
      "16": {
        "start": { "line": 17, "column": 0 },
        "end": { "line": 17, "column": 58 }
      },
      "18": {
        "start": { "line": 19, "column": 0 },
        "end": { "line": 19, "column": 19 }
      },
      "19": {
        "start": { "line": 20, "column": 0 },
        "end": { "line": 20, "column": 41 }
      },
      "20": {
        "start": { "line": 21, "column": 0 },
        "end": { "line": 21, "column": 11 }
      },
      "21": {
        "start": { "line": 22, "column": 0 },
        "end": { "line": 22, "column": 27 }
      },
      "22": {
        "start": { "line": 23, "column": 0 },
        "end": { "line": 23, "column": 73 }
      },
      "24": {
        "start": { "line": 25, "column": 0 },
        "end": { "line": 25, "column": 30 }
      },
      "25": {
        "start": { "line": 26, "column": 0 },
        "end": { "line": 26, "column": 20 }
      },
      "26": {
        "start": { "line": 27, "column": 0 },
        "end": { "line": 27, "column": 64 }
      },
      "27": {
        "start": { "line": 28, "column": 0 },
        "end": { "line": 28, "column": 74 }
      },
      "28": {
        "start": { "line": 29, "column": 0 },
        "end": { "line": 29, "column": 48 }
      },
      "29": {
        "start": { "line": 30, "column": 0 },
        "end": { "line": 30, "column": 43 }
      },
      "30": {
        "start": { "line": 31, "column": 0 },
        "end": { "line": 31, "column": 10 }
      },
      "31": {
        "start": { "line": 32, "column": 0 },
        "end": { "line": 32, "column": 21 }
      },
      "32": {
        "start": { "line": 33, "column": 0 },
        "end": { "line": 33, "column": 70 }
      },
      "33": {
        "start": { "line": 34, "column": 0 },
        "end": { "line": 34, "column": 10 }
      },
      "34": {
        "start": { "line": 35, "column": 0 },
        "end": { "line": 35, "column": 23 }
      },
      "35": {
        "start": { "line": 36, "column": 0 },
        "end": { "line": 36, "column": 15 }
      },
      "36": {
        "start": { "line": 37, "column": 0 },
        "end": { "line": 37, "column": 51 }
      },
      "37": {
        "start": { "line": 38, "column": 0 },
        "end": { "line": 38, "column": 17 }
      },
      "38": {
        "start": { "line": 39, "column": 0 },
        "end": { "line": 39, "column": 28 }
      },
      "39": {
        "start": { "line": 40, "column": 0 },
        "end": { "line": 40, "column": 7 }
      },
      "40": {
        "start": { "line": 41, "column": 0 },
        "end": { "line": 41, "column": 6 }
      },
      "42": {
        "start": { "line": 43, "column": 0 },
        "end": { "line": 43, "column": 22 }
      },
      "43": {
        "start": { "line": 44, "column": 0 },
        "end": { "line": 44, "column": 13 }
      },
      "45": {
        "start": { "line": 46, "column": 0 },
        "end": { "line": 46, "column": 59 }
      },
      "47": {
        "start": { "line": 48, "column": 0 },
        "end": { "line": 48, "column": 10 }
      },
      "48": {
        "start": { "line": 49, "column": 0 },
        "end": { "line": 49, "column": 71 }
      },
      "49": {
        "start": { "line": 50, "column": 0 },
        "end": { "line": 50, "column": 28 }
      },
      "50": {
        "start": { "line": 51, "column": 0 },
        "end": { "line": 51, "column": 22 }
      },
      "51": {
        "start": { "line": 52, "column": 0 },
        "end": { "line": 52, "column": 24 }
      },
      "52": {
        "start": { "line": 53, "column": 0 },
        "end": { "line": 53, "column": 21 }
      },
      "53": {
        "start": { "line": 54, "column": 0 },
        "end": { "line": 54, "column": 24 }
      },
      "55": {
        "start": { "line": 56, "column": 0 },
        "end": { "line": 56, "column": 12 }
      },
      "56": {
        "start": { "line": 57, "column": 0 },
        "end": { "line": 57, "column": 62 }
      },
      "57": {
        "start": { "line": 58, "column": 0 },
        "end": { "line": 58, "column": 66 }
      },
      "58": {
        "start": { "line": 59, "column": 0 },
        "end": { "line": 59, "column": 40 }
      },
      "59": {
        "start": { "line": 60, "column": 0 },
        "end": { "line": 60, "column": 29 }
      },
      "60": {
        "start": { "line": 61, "column": 0 },
        "end": { "line": 61, "column": 54 }
      },
      "61": {
        "start": { "line": 62, "column": 0 },
        "end": { "line": 62, "column": 18 }
      },
      "62": {
        "start": { "line": 63, "column": 0 },
        "end": { "line": 63, "column": 13 }
      },
      "64": {
        "start": { "line": 65, "column": 0 },
        "end": { "line": 65, "column": 17 }
      },
      "65": {
        "start": { "line": 66, "column": 0 },
        "end": { "line": 66, "column": 11 }
      },
      "67": {
        "start": { "line": 68, "column": 0 },
        "end": { "line": 68, "column": 2 }
      },
      "69": {
        "start": { "line": 70, "column": 0 },
        "end": { "line": 70, "column": 20 }
      }
    },
    "s": {
      "0": 1,
      "1": 1,
      "2": 1,
      "3": 1,
      "5": 1,
      "11": 1,
      "12": 10,
      "13": 10,
      "14": 10,
      "15": 10,
      "16": 10,
      "18": 10,
      "19": 6,
      "20": 6,
      "21": 6,
      "22": 6,
      "24": 3,
      "25": 3,
      "26": 3,
      "27": 3,
      "28": 3,
      "29": 0,
      "30": 6,
      "31": 6,
      "32": 6,
      "33": 6,
      "34": 6,
      "35": 6,
      "36": 1,
      "37": 4,
      "38": 4,
      "39": 4,
      "40": 6,
      "42": 6,
      "43": 10,
      "45": 10,
      "47": 10,
      "48": 10,
      "49": 10,
      "50": 10,
      "51": 6,
      "52": 4,
      "53": 1,
      "55": 3,
      "56": 3,
      "57": 3,
      "58": 3,
      "59": 3,
      "60": 3,
      "61": 3,
      "62": 3,
      "64": 10,
      "65": 10,
      "67": 10,
      "69": 1
    },
    "branchMap": {
      "0": {
        "type": "branch",
        "line": 12,
        "loc": {
          "start": { "line": 12, "column": 13 },
          "end": { "line": 68, "column": 2 }
        },
        "locations": [
          {
            "start": { "line": 12, "column": 13 },
            "end": { "line": 68, "column": 2 }
          }
        ]
      },
      "1": {
        "type": "branch",
        "line": 51,
        "loc": {
          "start": { "line": 51, "column": 9 },
          "end": { "line": 52, "column": 24 }
        },
        "locations": [
          {
            "start": { "line": 51, "column": 9 },
            "end": { "line": 52, "column": 24 }
          }
        ]
      },
      "2": {
        "type": "branch",
        "line": 52,
        "loc": {
          "start": { "line": 52, "column": 22 },
          "end": { "line": 63, "column": 13 }
        },
        "locations": [
          {
            "start": { "line": 52, "column": 22 },
            "end": { "line": 63, "column": 13 }
          }
        ]
      },
      "3": {
        "type": "branch",
        "line": 53,
        "loc": {
          "start": { "line": 53, "column": 12 },
          "end": { "line": 54, "column": 24 }
        },
        "locations": [
          {
            "start": { "line": 53, "column": 12 },
            "end": { "line": 54, "column": 24 }
          }
        ]
      },
      "4": {
        "type": "branch",
        "line": 54,
        "loc": {
          "start": { "line": 54, "column": 20 },
          "end": { "line": 63, "column": 13 }
        },
        "locations": [
          {
            "start": { "line": 54, "column": 20 },
            "end": { "line": 63, "column": 13 }
          }
        ]
      },
      "5": {
        "type": "branch",
        "line": 19,
        "loc": {
          "start": { "line": 19, "column": 12 },
          "end": { "line": 44, "column": 5 }
        },
        "locations": [
          {
            "start": { "line": 19, "column": 12 },
            "end": { "line": 44, "column": 5 }
          }
        ]
      },
      "6": {
        "type": "branch",
        "line": 20,
        "loc": {
          "start": { "line": 20, "column": 28 },
          "end": { "line": 41, "column": 6 }
        },
        "locations": [
          {
            "start": { "line": 20, "column": 28 },
            "end": { "line": 41, "column": 6 }
          }
        ]
      },
      "7": {
        "type": "branch",
        "line": 23,
        "loc": {
          "start": { "line": 23, "column": 71 },
          "end": { "line": 28, "column": 74 }
        },
        "locations": [
          {
            "start": { "line": 23, "column": 71 },
            "end": { "line": 28, "column": 74 }
          }
        ]
      },
      "8": {
        "type": "branch",
        "line": 28,
        "loc": {
          "start": { "line": 28, "column": 58 },
          "end": { "line": 29, "column": 48 }
        },
        "locations": [
          {
            "start": { "line": 28, "column": 58 },
            "end": { "line": 29, "column": 48 }
          }
        ]
      },
      "9": {
        "type": "branch",
        "line": 29,
        "loc": {
          "start": { "line": 29, "column": 32 },
          "end": { "line": 30, "column": 43 }
        },
        "locations": [
          {
            "start": { "line": 29, "column": 32 },
            "end": { "line": 30, "column": 43 }
          }
        ]
      },
      "10": {
        "type": "branch",
        "line": 36,
        "loc": {
          "start": { "line": 36, "column": 6 },
          "end": { "line": 40, "column": 7 }
        },
        "locations": [
          {
            "start": { "line": 36, "column": 6 },
            "end": { "line": 40, "column": 7 }
          }
        ]
      },
      "11": {
        "type": "branch",
        "line": 36,
        "loc": {
          "start": { "line": 36, "column": 6 },
          "end": { "line": 38, "column": 8 }
        },
        "locations": [
          {
            "start": { "line": 36, "column": 6 },
            "end": { "line": 38, "column": 8 }
          }
        ]
      },
      "12": {
        "type": "branch",
        "line": 33,
        "loc": {
          "start": { "line": 33, "column": 36 },
          "end": { "line": 33, "column": 69 }
        },
        "locations": [
          {
            "start": { "line": 33, "column": 36 },
            "end": { "line": 33, "column": 69 }
          }
        ]
      }
    },
    "b": {
      "0": [10],
      "1": [6],
      "2": [4],
      "3": [1],
      "4": [3],
      "5": [6],
      "6": [6],
      "7": [3],
      "8": [3],
      "9": [0],
      "10": [4],
      "11": [1],
      "12": [6]
    },
    "fnMap": {
      "0": {
        "name": "Card",
        "decl": {
          "start": { "line": 12, "column": 13 },
          "end": { "line": 68, "column": 2 }
        },
        "loc": {
          "start": { "line": 12, "column": 13 },
          "end": { "line": 68, "column": 2 }
        },
        "line": 12
      },
      "1": {
        "name": "loadPokemonData",
        "decl": {
          "start": { "line": 20, "column": 28 },
          "end": { "line": 41, "column": 6 }
        },
        "loc": {
          "start": { "line": 20, "column": 28 },
          "end": { "line": 41, "column": 6 }
        },
        "line": 20
      },
      "2": {
        "name": "onClick",
        "decl": {
          "start": { "line": 49, "column": 43 },
          "end": { "line": 49, "column": 71 }
        },
        "loc": {
          "start": { "line": 49, "column": 43 },
          "end": { "line": 49, "column": 71 }
        },
        "line": 49
      }
    },
    "f": { "0": 10, "1": 6, "2": 0 }
  },
  "C:\\GIT\\pokedex\\main\\src\\components\\CardList\\CardList.tsx": {
    "path": "C:\\GIT\\pokedex\\main\\src\\components\\CardList\\CardList.tsx",
    "all": false,
    "statementMap": {
      "0": {
        "start": { "line": 1, "column": 0 },
        "end": { "line": 1, "column": 24 }
      },
      "2": {
        "start": { "line": 3, "column": 0 },
        "end": { "line": 3, "column": 32 }
      },
      "3": {
        "start": { "line": 4, "column": 0 },
        "end": { "line": 4, "column": 50 }
      },
      "4": {
        "start": { "line": 5, "column": 0 },
        "end": { "line": 5, "column": 43 }
      },
      "11": {
        "start": { "line": 12, "column": 0 },
        "end": { "line": 12, "column": 60 }
      },
      "12": {
        "start": { "line": 13, "column": 0 },
        "end": { "line": 13, "column": 33 }
      },
      "13": {
        "start": { "line": 14, "column": 0 },
        "end": { "line": 14, "column": 19 }
      },
      "14": {
        "start": { "line": 15, "column": 0 },
        "end": { "line": 15, "column": 26 }
      },
      "15": {
        "start": { "line": 16, "column": 0 },
        "end": { "line": 16, "column": 3 }
      },
      "17": {
        "start": { "line": 18, "column": 0 },
        "end": { "line": 18, "column": 10 }
      },
      "18": {
        "start": { "line": 19, "column": 0 },
        "end": { "line": 19, "column": 61 }
      },
      "19": {
        "start": { "line": 20, "column": 0 },
        "end": { "line": 20, "column": 72 }
      },
      "20": {
        "start": { "line": 21, "column": 0 },
        "end": { "line": 21, "column": 42 }
      },
      "21": {
        "start": { "line": 22, "column": 0 },
        "end": { "line": 22, "column": 50 }
      },
      "22": {
        "start": { "line": 23, "column": 0 },
        "end": { "line": 23, "column": 10 }
      },
      "24": {
        "start": { "line": 25, "column": 0 },
        "end": { "line": 25, "column": 36 }
      },
      "26": {
        "start": { "line": 27, "column": 0 },
        "end": { "line": 27, "column": 10 }
      },
      "28": {
        "start": { "line": 29, "column": 0 },
        "end": { "line": 29, "column": 1 }
      },
      "30": {
        "start": { "line": 31, "column": 0 },
        "end": { "line": 31, "column": 24 }
      }
    },
    "s": {
      "0": 1,
      "2": 1,
      "3": 1,
      "4": 1,
      "11": 2,
      "12": 2,
      "13": 2,
      "14": 0,
      "15": 0,
      "17": 2,
      "18": 2,
      "19": 2,
      "20": 1,
      "21": 2,
      "22": 1,
      "24": 1,
      "26": 2,
      "28": 2,
      "30": 1
    },
    "branchMap": {
      "0": {
        "type": "branch",
        "line": 12,
        "loc": {
          "start": { "line": 12, "column": 0 },
          "end": { "line": 29, "column": 1 }
        },
        "locations": [
          {
            "start": { "line": 12, "column": 0 },
            "end": { "line": 29, "column": 1 }
          }
        ]
      },
      "1": {
        "type": "branch",
        "line": 14,
        "loc": {
          "start": { "line": 14, "column": 18 },
          "end": { "line": 16, "column": 3 }
        },
        "locations": [
          {
            "start": { "line": 14, "column": 18 },
            "end": { "line": 16, "column": 3 }
          }
        ]
      },
      "2": {
        "type": "branch",
        "line": 20,
        "loc": {
          "start": { "line": 20, "column": 52 },
          "end": { "line": 20, "column": 72 }
        },
        "locations": [
          {
            "start": { "line": 20, "column": 52 },
            "end": { "line": 20, "column": 72 }
          }
        ]
      },
      "3": {
        "type": "branch",
        "line": 20,
        "loc": {
          "start": { "line": 20, "column": 58 },
          "end": { "line": 23, "column": 10 }
        },
        "locations": [
          {
            "start": { "line": 20, "column": 58 },
            "end": { "line": 23, "column": 10 }
          }
        ]
      },
      "4": {
        "type": "branch",
        "line": 23,
        "loc": {
          "start": { "line": 23, "column": 9 },
          "end": { "line": 25, "column": 36 }
        },
        "locations": [
          {
            "start": { "line": 23, "column": 9 },
            "end": { "line": 25, "column": 36 }
          }
        ]
      },
      "5": {
        "type": "branch",
        "line": 21,
        "loc": {
          "start": { "line": 21, "column": 21 },
          "end": { "line": 22, "column": 50 }
        },
        "locations": [
          {
            "start": { "line": 21, "column": 21 },
            "end": { "line": 22, "column": 50 }
          }
        ]
      }
    },
    "b": { "0": [2], "1": [0], "2": [1], "3": [1], "4": [1], "5": [2] },
    "fnMap": {
      "0": {
        "name": "CardList",
        "decl": {
          "start": { "line": 12, "column": 0 },
          "end": { "line": 29, "column": 1 }
        },
        "loc": {
          "start": { "line": 12, "column": 0 },
          "end": { "line": 29, "column": 1 }
        },
        "line": 12
      },
      "1": {
        "name": "onClick",
        "decl": {
          "start": { "line": 19, "column": 40 },
          "end": { "line": 19, "column": 61 }
        },
        "loc": {
          "start": { "line": 19, "column": 40 },
          "end": { "line": 19, "column": 61 }
        },
        "line": 19
      }
    },
    "f": { "0": 2, "1": 0 }
  },
  "C:\\GIT\\pokedex\\main\\src\\components\\CardLoader\\CardLoader.tsx": {
    "path": "C:\\GIT\\pokedex\\main\\src\\components\\CardLoader\\CardLoader.tsx",
    "all": false,
    "statementMap": {
      "0": {
        "start": { "line": 1, "column": 0 },
        "end": { "line": 1, "column": 26 }
      },
      "1": {
        "start": { "line": 2, "column": 0 },
        "end": { "line": 2, "column": 26 }
      },
      "2": {
        "start": { "line": 3, "column": 0 },
        "end": { "line": 3, "column": 53 }
      },
      "4": {
        "start": { "line": 5, "column": 0 },
        "end": { "line": 5, "column": 23 }
      },
      "5": {
        "start": { "line": 6, "column": 0 },
        "end": { "line": 6, "column": 30 }
      },
      "7": {
        "start": { "line": 8, "column": 0 },
        "end": { "line": 8, "column": 10 }
      },
      "8": {
        "start": { "line": 9, "column": 0 },
        "end": { "line": 9, "column": 38 }
      },
      "9": {
        "start": { "line": 10, "column": 0 },
        "end": { "line": 10, "column": 47 }
      },
      "10": {
        "start": { "line": 11, "column": 0 },
        "end": { "line": 11, "column": 56 }
      },
      "11": {
        "start": { "line": 12, "column": 0 },
        "end": { "line": 12, "column": 34 }
      },
      "12": {
        "start": { "line": 13, "column": 0 },
        "end": { "line": 13, "column": 29 }
      },
      "13": {
        "start": { "line": 14, "column": 0 },
        "end": { "line": 14, "column": 40 }
      },
      "14": {
        "start": { "line": 15, "column": 0 },
        "end": { "line": 15, "column": 12 }
      },
      "15": {
        "start": { "line": 16, "column": 0 },
        "end": { "line": 16, "column": 10 }
      },
      "17": {
        "start": { "line": 18, "column": 0 },
        "end": { "line": 18, "column": 1 }
      },
      "19": {
        "start": { "line": 20, "column": 0 },
        "end": { "line": 20, "column": 26 }
      }
    },
    "s": {
      "0": 1,
      "1": 1,
      "2": 1,
      "4": 7,
      "5": 7,
      "7": 7,
      "8": 7,
      "9": 7,
      "10": 7,
      "11": 7,
      "12": 7,
      "13": 7,
      "14": 7,
      "15": 7,
      "17": 7,
      "19": 1
    },
    "branchMap": {
      "0": {
        "type": "branch",
        "line": 5,
        "loc": {
          "start": { "line": 5, "column": 0 },
          "end": { "line": 18, "column": 1 }
        },
        "locations": [
          {
            "start": { "line": 5, "column": 0 },
            "end": { "line": 18, "column": 1 }
          }
        ]
      }
    },
    "b": { "0": [7] },
    "fnMap": {
      "0": {
        "name": "CardLoader",
        "decl": {
          "start": { "line": 5, "column": 0 },
          "end": { "line": 18, "column": 1 }
        },
        "loc": {
          "start": { "line": 5, "column": 0 },
          "end": { "line": 18, "column": 1 }
        },
        "line": 5
      }
    },
    "f": { "0": 7 }
  },
  "C:\\GIT\\pokedex\\main\\src\\components\\ErrorBoundary\\ErrorBoundary.tsx": {
    "path": "C:\\GIT\\pokedex\\main\\src\\components\\ErrorBoundary\\ErrorBoundary.tsx",
    "all": false,
    "statementMap": {
      "0": {
        "start": { "line": 1, "column": 0 },
        "end": { "line": 1, "column": 56 }
      },
      "1": {
        "start": { "line": 2, "column": 0 },
        "end": { "line": 2, "column": 29 }
      },
      "14": {
        "start": { "line": 15, "column": 0 },
        "end": { "line": 15, "column": 79 }
      },
      "15": {
        "start": { "line": 16, "column": 0 },
        "end": { "line": 16, "column": 31 }
      },
      "16": {
        "start": { "line": 17, "column": 0 },
        "end": { "line": 17, "column": 20 }
      },
      "17": {
        "start": { "line": 18, "column": 0 },
        "end": { "line": 18, "column": 16 }
      },
      "18": {
        "start": { "line": 19, "column": 0 },
        "end": { "line": 19, "column": 20 }
      },
      "19": {
        "start": { "line": 20, "column": 0 },
        "end": { "line": 20, "column": 4 }
      },
      "21": {
        "start": { "line": 22, "column": 0 },
        "end": { "line": 22, "column": 78 }
      },
      "22": {
        "start": { "line": 23, "column": 0 },
        "end": { "line": 23, "column": 37 }
      },
      "23": {
        "start": { "line": 24, "column": 0 },
        "end": { "line": 24, "column": 3 }
      },
      "25": {
        "start": { "line": 26, "column": 0 },
        "end": { "line": 26, "column": 57 }
      },
      "26": {
        "start": { "line": 27, "column": 0 },
        "end": { "line": 27, "column": 40 }
      },
      "27": {
        "start": { "line": 28, "column": 0 },
        "end": { "line": 28, "column": 3 }
      },
      "29": {
        "start": { "line": 30, "column": 0 },
        "end": { "line": 30, "column": 23 }
      },
      "30": {
        "start": { "line": 31, "column": 0 },
        "end": { "line": 31, "column": 39 }
      },
      "31": {
        "start": { "line": 32, "column": 0 },
        "end": { "line": 32, "column": 4 }
      },
      "33": {
        "start": { "line": 34, "column": 0 },
        "end": { "line": 34, "column": 12 }
      },
      "34": {
        "start": { "line": 35, "column": 0 },
        "end": { "line": 35, "column": 43 }
      },
      "35": {
        "start": { "line": 36, "column": 0 },
        "end": { "line": 36, "column": 46 }
      },
      "37": {
        "start": { "line": 38, "column": 0 },
        "end": { "line": 38, "column": 19 }
      },
      "38": {
        "start": { "line": 39, "column": 0 },
        "end": { "line": 39, "column": 14 }
      },
      "39": {
        "start": { "line": 40, "column": 0 },
        "end": { "line": 40, "column": 21 }
      },
      "40": {
        "start": { "line": 41, "column": 0 },
        "end": { "line": 41, "column": 43 }
      },
      "41": {
        "start": { "line": 42, "column": 0 },
        "end": { "line": 42, "column": 16 }
      },
      "42": {
        "start": { "line": 43, "column": 0 },
        "end": { "line": 43, "column": 41 }
      },
      "43": {
        "start": { "line": 44, "column": 0 },
        "end": { "line": 44, "column": 51 }
      },
      "44": {
        "start": { "line": 45, "column": 0 },
        "end": { "line": 45, "column": 20 }
      },
      "45": {
        "start": { "line": 46, "column": 0 },
        "end": { "line": 46, "column": 14 }
      },
      "47": {
        "start": { "line": 48, "column": 0 },
        "end": { "line": 48, "column": 42 }
      },
      "48": {
        "start": { "line": 49, "column": 0 },
        "end": { "line": 49, "column": 38 }
      },
      "49": {
        "start": { "line": 50, "column": 0 },
        "end": { "line": 50, "column": 72 }
      },
      "51": {
        "start": { "line": 52, "column": 0 },
        "end": { "line": 52, "column": 21 }
      },
      "52": {
        "start": { "line": 53, "column": 0 },
        "end": { "line": 53, "column": 16 }
      },
      "55": {
        "start": { "line": 56, "column": 0 },
        "end": { "line": 56, "column": 5 }
      },
      "57": {
        "start": { "line": 58, "column": 0 },
        "end": { "line": 58, "column": 20 }
      },
      "58": {
        "start": { "line": 59, "column": 0 },
        "end": { "line": 59, "column": 3 }
      },
      "59": {
        "start": { "line": 60, "column": 0 },
        "end": { "line": 60, "column": 1 }
      },
      "61": {
        "start": { "line": 62, "column": 0 },
        "end": { "line": 62, "column": 29 }
      }
    },
    "s": {
      "0": 1,
      "1": 1,
      "14": 1,
      "15": 5,
      "16": 5,
      "17": 5,
      "18": 5,
      "19": 5,
      "21": 5,
      "22": 4,
      "23": 4,
      "25": 5,
      "26": 2,
      "27": 2,
      "29": 5,
      "30": 0,
      "31": 0,
      "33": 5,
      "34": 11,
      "35": 11,
      "37": 11,
      "38": 6,
      "39": 6,
      "40": 3,
      "41": 3,
      "42": 3,
      "43": 3,
      "44": 3,
      "45": 3,
      "47": 3,
      "48": 3,
      "49": 3,
      "51": 3,
      "52": 3,
      "55": 6,
      "57": 5,
      "58": 11,
      "59": 5,
      "61": 1
    },
    "branchMap": {
      "0": {
        "type": "branch",
        "line": 15,
        "loc": {
          "start": { "line": 15, "column": 78 },
          "end": { "line": 60, "column": 1 }
        },
        "locations": [
          {
            "start": { "line": 15, "column": 78 },
            "end": { "line": 60, "column": 1 }
          }
        ]
      },
      "1": {
        "type": "branch",
        "line": 22,
        "loc": {
          "start": { "line": 22, "column": 9 },
          "end": { "line": 24, "column": 3 }
        },
        "locations": [
          {
            "start": { "line": 22, "column": 9 },
            "end": { "line": 24, "column": 3 }
          }
        ]
      },
      "2": {
        "type": "branch",
        "line": 26,
        "loc": {
          "start": { "line": 26, "column": 2 },
          "end": { "line": 28, "column": 3 }
        },
        "locations": [
          {
            "start": { "line": 26, "column": 2 },
            "end": { "line": 28, "column": 3 }
          }
        ]
      },
      "3": {
        "type": "branch",
        "line": 34,
        "loc": {
          "start": { "line": 34, "column": 2 },
          "end": { "line": 59, "column": 3 }
        },
        "locations": [
          {
            "start": { "line": 34, "column": 2 },
            "end": { "line": 59, "column": 3 }
          }
        ]
      },
      "4": {
        "type": "branch",
        "line": 38,
        "loc": {
          "start": { "line": 38, "column": 18 },
          "end": { "line": 56, "column": 5 }
        },
        "locations": [
          {
            "start": { "line": 38, "column": 18 },
            "end": { "line": 56, "column": 5 }
          }
        ]
      },
      "5": {
        "type": "branch",
        "line": 40,
        "loc": {
          "start": { "line": 40, "column": 8 },
          "end": { "line": 53, "column": 16 }
        },
        "locations": [
          {
            "start": { "line": 40, "column": 8 },
            "end": { "line": 53, "column": 16 }
          }
        ]
      },
      "6": {
        "type": "branch",
        "line": 56,
        "loc": {
          "start": { "line": 56, "column": 4 },
          "end": { "line": 58, "column": 20 }
        },
        "locations": [
          {
            "start": { "line": 56, "column": 4 },
            "end": { "line": 58, "column": 20 }
          }
        ]
      }
    },
    "b": {
      "0": [5],
      "1": [4],
      "2": [2],
      "3": [11],
      "4": [6],
      "5": [3],
      "6": [5]
    },
    "fnMap": {
      "0": {
        "name": "<instance_members_initializer>",
        "decl": {
          "start": { "line": 15, "column": 78 },
          "end": { "line": 60, "column": 1 }
        },
        "loc": {
          "start": { "line": 15, "column": 78 },
          "end": { "line": 60, "column": 1 }
        },
        "line": 15
      },
      "1": {
        "name": "getDerivedStateFromError",
        "decl": {
          "start": { "line": 22, "column": 9 },
          "end": { "line": 24, "column": 3 }
        },
        "loc": {
          "start": { "line": 22, "column": 9 },
          "end": { "line": 24, "column": 3 }
        },
        "line": 22
      },
      "2": {
        "name": "componentDidCatch",
        "decl": {
          "start": { "line": 26, "column": 2 },
          "end": { "line": 28, "column": 3 }
        },
        "loc": {
          "start": { "line": 26, "column": 2 },
          "end": { "line": 28, "column": 3 }
        },
        "line": 26
      },
      "3": {
        "name": "handleClick",
        "decl": {
          "start": { "line": 30, "column": 16 },
          "end": { "line": 32, "column": 4 }
        },
        "loc": {
          "start": { "line": 30, "column": 16 },
          "end": { "line": 32, "column": 4 }
        },
        "line": 30
      },
      "4": {
        "name": "render",
        "decl": {
          "start": { "line": 34, "column": 2 },
          "end": { "line": 59, "column": 3 }
        },
        "loc": {
          "start": { "line": 34, "column": 2 },
          "end": { "line": 59, "column": 3 }
        },
        "line": 34
      }
    },
    "f": { "0": 5, "1": 4, "2": 2, "3": 0, "4": 11 }
  },
  "C:\\GIT\\pokedex\\main\\src\\components\\Logo\\Logo.tsx": {
    "path": "C:\\GIT\\pokedex\\main\\src\\components\\Logo\\Logo.tsx",
    "all": false,
    "statementMap": {
      "0": {
        "start": { "line": 1, "column": 0 },
        "end": { "line": 1, "column": 40 }
      },
      "1": {
        "start": { "line": 2, "column": 0 },
        "end": { "line": 2, "column": 20 }
      },
      "3": {
        "start": { "line": 4, "column": 0 },
        "end": { "line": 4, "column": 17 }
      },
      "4": {
        "start": { "line": 5, "column": 0 },
        "end": { "line": 5, "column": 64 }
      },
      "5": {
        "start": { "line": 6, "column": 0 },
        "end": { "line": 6, "column": 1 }
      },
      "7": {
        "start": { "line": 8, "column": 0 },
        "end": { "line": 8, "column": 20 }
      }
    },
    "s": { "0": 1, "1": 1, "3": 3, "4": 3, "5": 3, "7": 1 },
    "branchMap": {
      "0": {
        "type": "branch",
        "line": 4,
        "loc": {
          "start": { "line": 4, "column": 0 },
          "end": { "line": 6, "column": 1 }
        },
        "locations": [
          {
            "start": { "line": 4, "column": 0 },
            "end": { "line": 6, "column": 1 }
          }
        ]
      }
    },
    "b": { "0": [3] },
    "fnMap": {
      "0": {
        "name": "Logo",
        "decl": {
          "start": { "line": 4, "column": 0 },
          "end": { "line": 6, "column": 1 }
        },
        "loc": {
          "start": { "line": 4, "column": 0 },
          "end": { "line": 6, "column": 1 }
        },
        "line": 4
      }
    },
    "f": { "0": 3 }
  },
  "C:\\GIT\\pokedex\\main\\src\\components\\PokeLoader\\PokeLoader.tsx": {
    "path": "C:\\GIT\\pokedex\\main\\src\\components\\PokeLoader\\PokeLoader.tsx",
    "all": false,
    "statementMap": {
      "0": {
        "start": { "line": 1, "column": 0 },
        "end": { "line": 1, "column": 26 }
      },
      "2": {
        "start": { "line": 3, "column": 0 },
        "end": { "line": 3, "column": 38 }
      },
      "3": {
        "start": { "line": 4, "column": 0 },
        "end": { "line": 4, "column": 10 }
      },
      "4": {
        "start": { "line": 5, "column": 0 },
        "end": { "line": 5, "column": 47 }
      },
      "5": {
        "start": { "line": 6, "column": 0 },
        "end": { "line": 6, "column": 45 }
      },
      "6": {
        "start": { "line": 7, "column": 0 },
        "end": { "line": 7, "column": 10 }
      },
      "8": {
        "start": { "line": 9, "column": 0 },
        "end": { "line": 9, "column": 1 }
      }
    },
    "s": { "0": 1, "2": 4, "3": 4, "4": 4, "5": 4, "6": 4, "8": 4 },
    "branchMap": {
      "0": {
        "type": "branch",
        "line": 3,
        "loc": {
          "start": { "line": 3, "column": 0 },
          "end": { "line": 9, "column": 1 }
        },
        "locations": [
          {
            "start": { "line": 3, "column": 0 },
            "end": { "line": 9, "column": 1 }
          }
        ]
      }
    },
    "b": { "0": [4] },
    "fnMap": {
      "0": {
        "name": "PokeLoader",
        "decl": {
          "start": { "line": 3, "column": 0 },
          "end": { "line": 9, "column": 1 }
        },
        "loc": {
          "start": { "line": 3, "column": 0 },
          "end": { "line": 9, "column": 1 }
        },
        "line": 3
      }
    },
    "f": { "0": 4 }
  },
  "C:\\GIT\\pokedex\\main\\src\\components\\SearchBar\\SearchBar.tsx": {
    "path": "C:\\GIT\\pokedex\\main\\src\\components\\SearchBar\\SearchBar.tsx",
    "all": false,
    "statementMap": {
      "0": {
        "start": { "line": 1, "column": 0 },
        "end": { "line": 1, "column": 61 }
      },
      "2": {
        "start": { "line": 3, "column": 0 },
        "end": { "line": 3, "column": 25 }
      },
      "3": {
        "start": { "line": 4, "column": 0 },
        "end": { "line": 4, "column": 38 }
      },
      "5": {
        "start": { "line": 6, "column": 0 },
        "end": { "line": 6, "column": 78 }
      },
      "6": {
        "start": { "line": 7, "column": 0 },
        "end": { "line": 7, "column": 50 }
      },
      "8": {
        "start": { "line": 9, "column": 0 },
        "end": { "line": 9, "column": 71 }
      },
      "9": {
        "start": { "line": 10, "column": 0 },
        "end": { "line": 10, "column": 38 }
      },
      "10": {
        "start": { "line": 11, "column": 0 },
        "end": { "line": 11, "column": 4 }
      },
      "12": {
        "start": { "line": 13, "column": 0 },
        "end": { "line": 13, "column": 69 }
      },
      "13": {
        "start": { "line": 14, "column": 0 },
        "end": { "line": 14, "column": 32 }
      },
      "14": {
        "start": { "line": 15, "column": 0 },
        "end": { "line": 15, "column": 28 }
      },
      "15": {
        "start": { "line": 16, "column": 0 },
        "end": { "line": 16, "column": 5 }
      },
      "16": {
        "start": { "line": 17, "column": 0 },
        "end": { "line": 17, "column": 4 }
      },
      "18": {
        "start": { "line": 19, "column": 0 },
        "end": { "line": 19, "column": 35 }
      },
      "19": {
        "start": { "line": 20, "column": 0 },
        "end": { "line": 20, "column": 26 }
      },
      "20": {
        "start": { "line": 21, "column": 0 },
        "end": { "line": 21, "column": 4 }
      },
      "22": {
        "start": { "line": 23, "column": 0 },
        "end": { "line": 23, "column": 29 }
      },
      "23": {
        "start": { "line": 24, "column": 0 },
        "end": { "line": 24, "column": 22 }
      },
      "24": {
        "start": { "line": 25, "column": 0 },
        "end": { "line": 25, "column": 4 }
      },
      "26": {
        "start": { "line": 27, "column": 0 },
        "end": { "line": 27, "column": 17 }
      },
      "27": {
        "start": { "line": 28, "column": 0 },
        "end": { "line": 28, "column": 59 }
      },
      "28": {
        "start": { "line": 29, "column": 0 },
        "end": { "line": 29, "column": 3 }
      },
      "30": {
        "start": { "line": 31, "column": 0 },
        "end": { "line": 31, "column": 10 }
      },
      "31": {
        "start": { "line": 32, "column": 0 },
        "end": { "line": 32, "column": 32 }
      },
      "32": {
        "start": { "line": 33, "column": 0 },
        "end": { "line": 33, "column": 12 }
      },
      "33": {
        "start": { "line": 34, "column": 0 },
        "end": { "line": 34, "column": 32 }
      },
      "34": {
        "start": { "line": 35, "column": 0 },
        "end": { "line": 35, "column": 27 }
      },
      "35": {
        "start": { "line": 36, "column": 0 },
        "end": { "line": 36, "column": 19 }
      },
      "36": {
        "start": { "line": 37, "column": 0 },
        "end": { "line": 37, "column": 28 }
      },
      "37": {
        "start": { "line": 38, "column": 0 },
        "end": { "line": 38, "column": 36 }
      },
      "38": {
        "start": { "line": 39, "column": 0 },
        "end": { "line": 39, "column": 33 }
      },
      "39": {
        "start": { "line": 40, "column": 0 },
        "end": { "line": 40, "column": 8 }
      },
      "40": {
        "start": { "line": 41, "column": 0 },
        "end": { "line": 41, "column": 76 }
      },
      "42": {
        "start": { "line": 43, "column": 0 },
        "end": { "line": 43, "column": 15 }
      },
      "43": {
        "start": { "line": 44, "column": 0 },
        "end": { "line": 44, "column": 61 }
      },
      "45": {
        "start": { "line": 46, "column": 0 },
        "end": { "line": 46, "column": 15 }
      },
      "46": {
        "start": { "line": 47, "column": 0 },
        "end": { "line": 47, "column": 10 }
      },
      "48": {
        "start": { "line": 49, "column": 0 },
        "end": { "line": 49, "column": 1 }
      },
      "50": {
        "start": { "line": 51, "column": 0 },
        "end": { "line": 51, "column": 25 }
      }
    },
    "s": {
      "0": 1,
      "2": 1,
      "3": 1,
      "5": 10,
      "6": 10,
      "8": 10,
      "9": 7,
      "10": 7,
      "12": 10,
      "13": 8,
      "14": 1,
      "15": 1,
      "16": 8,
      "18": 10,
      "19": 1,
      "20": 1,
      "22": 10,
      "23": 0,
      "24": 0,
      "26": 10,
      "27": 0,
      "28": 0,
      "30": 10,
      "31": 10,
      "32": 10,
      "33": 10,
      "34": 10,
      "35": 10,
      "36": 10,
      "37": 10,
      "38": 10,
      "39": 10,
      "40": 10,
      "42": 10,
      "43": 10,
      "45": 10,
      "46": 10,
      "48": 10,
      "50": 1
    },
    "branchMap": {
      "0": {
        "type": "branch",
        "line": 6,
        "loc": {
          "start": { "line": 6, "column": 0 },
          "end": { "line": 49, "column": 1 }
        },
        "locations": [
          {
            "start": { "line": 6, "column": 0 },
            "end": { "line": 49, "column": 1 }
          }
        ]
      },
      "1": {
        "type": "branch",
        "line": 27,
        "loc": {
          "start": { "line": 27, "column": 16 },
          "end": { "line": 29, "column": 3 }
        },
        "locations": [
          {
            "start": { "line": 27, "column": 16 },
            "end": { "line": 29, "column": 3 }
          }
        ]
      },
      "2": {
        "type": "branch",
        "line": 9,
        "loc": {
          "start": { "line": 9, "column": 28 },
          "end": { "line": 11, "column": 4 }
        },
        "locations": [
          {
            "start": { "line": 9, "column": 28 },
            "end": { "line": 11, "column": 4 }
          }
        ]
      },
      "3": {
        "type": "branch",
        "line": 13,
        "loc": {
          "start": { "line": 13, "column": 24 },
          "end": { "line": 17, "column": 4 }
        },
        "locations": [
          {
            "start": { "line": 13, "column": 24 },
            "end": { "line": 17, "column": 4 }
          }
        ]
      },
      "4": {
        "type": "branch",
        "line": 14,
        "loc": {
          "start": { "line": 14, "column": 31 },
          "end": { "line": 16, "column": 5 }
        },
        "locations": [
          {
            "start": { "line": 14, "column": 31 },
            "end": { "line": 16, "column": 5 }
          }
        ]
      },
      "5": {
        "type": "branch",
        "line": 19,
        "loc": {
          "start": { "line": 19, "column": 28 },
          "end": { "line": 21, "column": 4 }
        },
        "locations": [
          {
            "start": { "line": 19, "column": 28 },
            "end": { "line": 21, "column": 4 }
          }
        ]
      }
    },
    "b": { "0": [10], "1": [0], "2": [7], "3": [8], "4": [1], "5": [1] },
    "fnMap": {
      "0": {
        "name": "SearchBar",
        "decl": {
          "start": { "line": 6, "column": 0 },
          "end": { "line": 49, "column": 1 }
        },
        "loc": {
          "start": { "line": 6, "column": 0 },
          "end": { "line": 49, "column": 1 }
        },
        "line": 6
      },
      "1": {
        "name": "handleInputChange",
        "decl": {
          "start": { "line": 9, "column": 28 },
          "end": { "line": 11, "column": 4 }
        },
        "loc": {
          "start": { "line": 9, "column": 28 },
          "end": { "line": 11, "column": 4 }
        },
        "line": 9
      },
      "2": {
        "name": "handleKeyDown",
        "decl": {
          "start": { "line": 13, "column": 24 },
          "end": { "line": 17, "column": 4 }
        },
        "loc": {
          "start": { "line": 13, "column": 24 },
          "end": { "line": 17, "column": 4 }
        },
        "line": 13
      },
      "3": {
        "name": "handleSearchClick",
        "decl": {
          "start": { "line": 19, "column": 28 },
          "end": { "line": 21, "column": 4 }
        },
        "loc": {
          "start": { "line": 19, "column": 28 },
          "end": { "line": 21, "column": 4 }
        },
        "line": 19
      },
      "4": {
        "name": "handleClick",
        "decl": {
          "start": { "line": 23, "column": 22 },
          "end": { "line": 25, "column": 4 }
        },
        "loc": {
          "start": { "line": 23, "column": 22 },
          "end": { "line": 25, "column": 4 }
        },
        "line": 23
      }
    },
    "f": { "0": 10, "1": 7, "2": 8, "3": 1, "4": 0 }
  },
  "C:\\GIT\\pokedex\\main\\src\\types\\types.tsx": {
    "path": "C:\\GIT\\pokedex\\main\\src\\types\\types.tsx",
    "all": false,
    "statementMap": {
      "64": {
        "start": { "line": 65, "column": 0 },
        "end": { "line": 65, "column": 25 }
      },
      "65": {
        "start": { "line": 66, "column": 0 },
        "end": { "line": 66, "column": 18 }
      },
      "66": {
        "start": { "line": 67, "column": 0 },
        "end": { "line": 67, "column": 16 }
      },
      "67": {
        "start": { "line": 68, "column": 0 },
        "end": { "line": 68, "column": 18 }
      },
      "68": {
        "start": { "line": 69, "column": 0 },
        "end": { "line": 69, "column": 22 }
      },
      "69": {
        "start": { "line": 70, "column": 0 },
        "end": { "line": 70, "column": 20 }
      },
      "70": {
        "start": { "line": 71, "column": 0 },
        "end": { "line": 71, "column": 14 }
      },
      "71": {
        "start": { "line": 72, "column": 0 },
        "end": { "line": 72, "column": 20 }
      },
      "72": {
        "start": { "line": 73, "column": 0 },
        "end": { "line": 73, "column": 24 }
      },
      "73": {
        "start": { "line": 74, "column": 0 },
        "end": { "line": 74, "column": 18 }
      },
      "74": {
        "start": { "line": 75, "column": 0 },
        "end": { "line": 75, "column": 20 }
      },
      "75": {
        "start": { "line": 76, "column": 0 },
        "end": { "line": 76, "column": 18 }
      },
      "76": {
        "start": { "line": 77, "column": 0 },
        "end": { "line": 77, "column": 16 }
      },
      "77": {
        "start": { "line": 78, "column": 0 },
        "end": { "line": 78, "column": 16 }
      },
      "78": {
        "start": { "line": 79, "column": 0 },
        "end": { "line": 79, "column": 20 }
      },
      "79": {
        "start": { "line": 80, "column": 0 },
        "end": { "line": 80, "column": 18 }
      },
      "80": {
        "start": { "line": 81, "column": 0 },
        "end": { "line": 81, "column": 24 }
      },
      "81": {
        "start": { "line": 82, "column": 0 },
        "end": { "line": 82, "column": 20 }
      },
      "82": {
        "start": { "line": 83, "column": 0 },
        "end": { "line": 83, "column": 14 }
      },
      "90": {
        "start": { "line": 91, "column": 0 },
        "end": { "line": 91, "column": 70 }
      },
      "91": {
        "start": { "line": 92, "column": 0 },
        "end": { "line": 92, "column": 68 }
      },
      "92": {
        "start": { "line": 93, "column": 0 },
        "end": { "line": 93, "column": 67 }
      },
      "93": {
        "start": { "line": 94, "column": 0 },
        "end": { "line": 94, "column": 68 }
      },
      "94": {
        "start": { "line": 95, "column": 0 },
        "end": { "line": 95, "column": 70 }
      },
      "95": {
        "start": { "line": 96, "column": 0 },
        "end": { "line": 96, "column": 69 }
      },
      "96": {
        "start": { "line": 97, "column": 0 },
        "end": { "line": 97, "column": 66 }
      },
      "97": {
        "start": { "line": 98, "column": 0 },
        "end": { "line": 98, "column": 69 }
      },
      "98": {
        "start": { "line": 99, "column": 0 },
        "end": { "line": 99, "column": 71 }
      },
      "99": {
        "start": { "line": 100, "column": 0 },
        "end": { "line": 100, "column": 68 }
      },
      "100": {
        "start": { "line": 101, "column": 0 },
        "end": { "line": 101, "column": 69 }
      },
      "101": {
        "start": { "line": 102, "column": 0 },
        "end": { "line": 102, "column": 68 }
      },
      "102": {
        "start": { "line": 103, "column": 0 },
        "end": { "line": 103, "column": 67 }
      },
      "103": {
        "start": { "line": 104, "column": 0 },
        "end": { "line": 104, "column": 67 }
      },
      "104": {
        "start": { "line": 105, "column": 0 },
        "end": { "line": 105, "column": 69 }
      },
      "105": {
        "start": { "line": 106, "column": 0 },
        "end": { "line": 106, "column": 68 }
      },
      "106": {
        "start": { "line": 107, "column": 0 },
        "end": { "line": 107, "column": 71 }
      },
      "107": {
        "start": { "line": 108, "column": 0 },
        "end": { "line": 108, "column": 69 }
      },
      "108": {
        "start": { "line": 109, "column": 0 },
        "end": { "line": 109, "column": 66 }
      },
      "109": {
        "start": { "line": 110, "column": 0 },
        "end": { "line": 110, "column": 2 }
      }
    },
    "s": {
      "64": 1,
      "65": 1,
      "66": 1,
      "67": 1,
      "68": 1,
      "69": 1,
      "70": 1,
      "71": 1,
      "72": 1,
      "73": 1,
      "74": 1,
      "75": 1,
      "76": 1,
      "77": 1,
      "78": 1,
      "79": 1,
      "80": 1,
      "81": 1,
      "82": 1,
      "90": 1,
      "91": 1,
      "92": 1,
      "93": 1,
      "94": 1,
      "95": 1,
      "96": 1,
      "97": 1,
      "98": 1,
      "99": 1,
      "100": 1,
      "101": 1,
      "102": 1,
      "103": 1,
      "104": 1,
      "105": 1,
      "106": 1,
      "107": 1,
      "108": 1,
      "109": 1
    },
    "branchMap": {
      "0": {
        "type": "branch",
        "line": 65,
        "loc": {
          "start": { "line": 65, "column": 7 },
          "end": { "line": 65, "column": 25 }
        },
        "locations": [
          {
            "start": { "line": 65, "column": 7 },
            "end": { "line": 65, "column": 25 }
          }
        ]
      }
    },
    "b": { "0": [2] },
    "fnMap": {},
    "f": {}
  },
  "C:\\GIT\\pokedex\\main\\src\\utils\\useLSSavedSearch\\useLSSavedSearch.tsx": {
    "path": "C:\\GIT\\pokedex\\main\\src\\utils\\useLSSavedSearch\\useLSSavedSearch.tsx",
    "all": false,
    "statementMap": {
      "0": {
        "start": { "line": 1, "column": 0 },
        "end": { "line": 1, "column": 34 }
      },
      "2": {
        "start": { "line": 3, "column": 0 },
        "end": { "line": 3, "column": 41 }
      },
      "3": {
        "start": { "line": 4, "column": 0 },
        "end": { "line": 4, "column": 39 }
      },
      "4": {
        "start": { "line": 5, "column": 0 },
        "end": { "line": 5, "column": 64 }
      },
      "5": {
        "start": { "line": 6, "column": 0 },
        "end": { "line": 6, "column": 3 }
      },
      "6": {
        "start": { "line": 7, "column": 0 },
        "end": { "line": 7, "column": 19 }
      },
      "7": {
        "start": { "line": 8, "column": 0 },
        "end": { "line": 8, "column": 62 }
      },
      "9": {
        "start": { "line": 10, "column": 0 },
        "end": { "line": 10, "column": 33 }
      },
      "10": {
        "start": { "line": 11, "column": 0 },
        "end": { "line": 11, "column": 30 }
      },
      "11": {
        "start": { "line": 12, "column": 0 },
        "end": { "line": 12, "column": 24 }
      },
      "12": {
        "start": { "line": 13, "column": 0 },
        "end": { "line": 13, "column": 44 }
      },
      "13": {
        "start": { "line": 14, "column": 0 },
        "end": { "line": 14, "column": 7 }
      },
      "14": {
        "start": { "line": 15, "column": 0 },
        "end": { "line": 15, "column": 6 }
      },
      "16": {
        "start": { "line": 17, "column": 0 },
        "end": { "line": 17, "column": 14 }
      },
      "17": {
        "start": { "line": 18, "column": 0 },
        "end": { "line": 18, "column": 42 }
      },
      "18": {
        "start": { "line": 19, "column": 0 },
        "end": { "line": 19, "column": 1 }
      }
    },
    "s": {
      "0": 1,
      "2": 1,
      "3": 1,
      "4": 1,
      "5": 1,
      "6": 1,
      "7": 1,
      "9": 1,
      "10": 1,
      "11": 1,
      "12": 1,
      "13": 1,
      "14": 1,
      "16": 1,
      "17": 1,
      "18": 1
    },
    "branchMap": {
      "0": {
        "type": "branch",
        "line": 3,
        "loc": {
          "start": { "line": 3, "column": 0 },
          "end": { "line": 19, "column": 1 }
        },
        "locations": [
          {
            "start": { "line": 3, "column": 0 },
            "end": { "line": 19, "column": 1 }
          }
        ]
      },
      "1": {
        "type": "branch",
        "line": 7,
        "loc": {
          "start": { "line": 7, "column": 12 },
          "end": { "line": 18, "column": 5 }
        },
        "locations": [
          {
            "start": { "line": 7, "column": 12 },
            "end": { "line": 18, "column": 5 }
          }
        ]
      },
      "2": {
        "type": "branch",
        "line": 10,
        "loc": {
          "start": { "line": 10, "column": 20 },
          "end": { "line": 15, "column": 6 }
        },
        "locations": [
          {
            "start": { "line": 10, "column": 20 },
            "end": { "line": 15, "column": 6 }
          }
        ]
      }
    },
    "b": { "0": [1], "1": [1], "2": [1] },
    "fnMap": {
      "0": {
        "name": "useLSSavedSearch",
        "decl": {
          "start": { "line": 3, "column": 0 },
          "end": { "line": 19, "column": 1 }
        },
        "loc": {
          "start": { "line": 3, "column": 0 },
          "end": { "line": 19, "column": 1 }
        },
        "line": 3
      },
      "1": {
        "name": "initApp",
        "decl": {
          "start": { "line": 10, "column": 20 },
          "end": { "line": 15, "column": 6 }
        },
        "loc": {
          "start": { "line": 10, "column": 20 },
          "end": { "line": 15, "column": 6 }
        },
        "line": 10
      }
    },
    "f": { "0": 1, "1": 1 }
  },
  "C:\\GIT\\pokedex\\main\\src\\utils\\usePagination\\usePagination.tsx": {
    "path": "C:\\GIT\\pokedex\\main\\src\\utils\\usePagination\\usePagination.tsx",
    "all": false,
    "statementMap": {
      "0": {
        "start": { "line": 1, "column": 0 },
        "end": { "line": 1, "column": 66 }
      },
      "2": {
        "start": { "line": 3, "column": 0 },
        "end": { "line": 3, "column": 75 }
      },
      "4": {
        "start": { "line": 5, "column": 0 },
        "end": { "line": 5, "column": 30 }
      },
      "5": {
        "start": { "line": 6, "column": 0 },
        "end": { "line": 6, "column": 18 }
      },
      "6": {
        "start": { "line": 7, "column": 0 },
        "end": { "line": 7, "column": 37 }
      },
      "7": {
        "start": { "line": 8, "column": 0 },
        "end": { "line": 8, "column": 34 }
      },
      "8": {
        "start": { "line": 9, "column": 0 },
        "end": { "line": 9, "column": 3 }
      },
      "9": {
        "start": { "line": 10, "column": 0 },
        "end": { "line": 10, "column": 48 }
      },
      "11": {
        "start": { "line": 12, "column": 0 },
        "end": { "line": 12, "column": 36 }
      },
      "12": {
        "start": { "line": 13, "column": 0 },
        "end": { "line": 13, "column": 64 }
      },
      "13": {
        "start": { "line": 14, "column": 0 },
        "end": { "line": 14, "column": 20 }
      },
      "15": {
        "start": { "line": 16, "column": 0 },
        "end": { "line": 16, "column": 19 }
      },
      "16": {
        "start": { "line": 17, "column": 0 },
        "end": { "line": 17, "column": 47 }
      },
      "17": {
        "start": { "line": 18, "column": 0 },
        "end": { "line": 18, "column": 28 }
      },
      "18": {
        "start": { "line": 19, "column": 0 },
        "end": { "line": 19, "column": 5 }
      },
      "19": {
        "start": { "line": 20, "column": 0 },
        "end": { "line": 20, "column": 31 }
      },
      "21": {
        "start": { "line": 22, "column": 0 },
        "end": { "line": 22, "column": 37 }
      },
      "22": {
        "start": { "line": 23, "column": 0 },
        "end": { "line": 23, "column": 42 }
      },
      "23": {
        "start": { "line": 24, "column": 0 },
        "end": { "line": 24, "column": 54 }
      },
      "24": {
        "start": { "line": 25, "column": 0 },
        "end": { "line": 25, "column": 26 }
      },
      "26": {
        "start": { "line": 27, "column": 0 },
        "end": { "line": 27, "column": 38 }
      },
      "27": {
        "start": { "line": 28, "column": 0 },
        "end": { "line": 28, "column": 54 }
      },
      "28": {
        "start": { "line": 29, "column": 0 },
        "end": { "line": 29, "column": 19 }
      },
      "30": {
        "start": { "line": 31, "column": 0 },
        "end": { "line": 31, "column": 38 }
      },
      "31": {
        "start": { "line": 32, "column": 0 },
        "end": { "line": 32, "column": 56 }
      },
      "32": {
        "start": { "line": 33, "column": 0 },
        "end": { "line": 33, "column": 9 }
      },
      "34": {
        "start": { "line": 35, "column": 0 },
        "end": { "line": 35, "column": 72 }
      },
      "35": {
        "start": { "line": 36, "column": 0 },
        "end": { "line": 36, "column": 1 }
      }
    },
    "s": {
      "0": 1,
      "2": 1,
      "4": 1,
      "5": 10,
      "6": 10,
      "7": 10,
      "8": 10,
      "9": 10,
      "11": 10,
      "12": 5,
      "13": 10,
      "15": 10,
      "16": 10,
      "17": 1,
      "18": 1,
      "19": 10,
      "21": 10,
      "22": 10,
      "23": 10,
      "24": 10,
      "26": 10,
      "27": 1,
      "28": 10,
      "30": 10,
      "31": 1,
      "32": 10,
      "34": 10,
      "35": 10
[...]
          {
            "start": { "line": 46, "column": 51 },
            "end": { "line": 47, "column": 41 }
          }
        ]
      },
      "8": {
        "type": "branch",
        "line": 47,
        "loc": {
          "start": { "line": 47, "column": 4 },
          "end": { "line": 47, "column": 25 }
        },
        "locations": [
          {
            "start": { "line": 47, "column": 4 },
            "end": { "line": 47, "column": 25 }
          }
        ]
      },
      "9": {
        "type": "branch",
        "line": 47,
        "loc": {
          "start": { "line": 47, "column": 25 },
          "end": { "line": 48, "column": 36 }
        },
        "locations": [
          {
            "start": { "line": 47, "column": 25 },
            "end": { "line": 48, "column": 36 }
          }
        ]
      },
      "10": {
        "type": "branch",
        "line": 50,
        "loc": {
          "start": { "line": 50, "column": 13 },
          "end": { "line": 50, "column": 76 }
        },
        "locations": [
          {
            "start": { "line": 50, "column": 13 },
            "end": { "line": 50, "column": 76 }
          }
        ]
      },
      "11": {
        "type": "branch",
        "line": 50,
        "loc": {
          "start": { "line": 50, "column": 69 },
          "end": { "line": 55, "column": 54 }
        },
        "locations": [
          {
            "start": { "line": 50, "column": 69 },
            "end": { "line": 55, "column": 54 }
          }
        ]
      },
      "12": {
        "type": "branch",
        "line": 55,
        "loc": {
          "start": { "line": 55, "column": 43 },
          "end": { "line": 55, "column": 61 }
        },
        "locations": [
          {
            "start": { "line": 55, "column": 43 },
            "end": { "line": 55, "column": 61 }
          }
        ]
      },
      "13": {
        "type": "branch",
        "line": 57,
        "loc": {
          "start": { "line": 57, "column": 7 },
          "end": { "line": 58, "column": 22 }
        },
        "locations": [
          {
            "start": { "line": 57, "column": 7 },
            "end": { "line": 58, "column": 22 }
          }
        ]
      },
      "14": {
        "type": "branch",
        "line": 58,
        "loc": {
          "start": { "line": 58, "column": 20 },
          "end": { "line": 184, "column": 15 }
        },
        "locations": [
          {
            "start": { "line": 58, "column": 20 },
            "end": { "line": 184, "column": 15 }
          }
        ]
      },
      "15": {
        "type": "branch",
        "line": 59,
        "loc": {
          "start": { "line": 59, "column": 10 },
          "end": { "line": 60, "column": 44 }
        },
        "locations": [
          {
            "start": { "line": 59, "column": 10 },
            "end": { "line": 60, "column": 44 }
          }
        ]
      },
      "16": {
        "type": "branch",
        "line": 60,
        "loc": {
          "start": { "line": 60, "column": 38 },
          "end": { "line": 184, "column": 15 }
        },
        "locations": [
          {
            "start": { "line": 60, "column": 38 },
            "end": { "line": 184, "column": 15 }
          }
        ]
      },
      "17": {
        "type": "branch",
        "line": 145,
        "loc": {
          "start": { "line": 145, "column": 50 },
          "end": { "line": 145, "column": 68 }
        },
        "locations": [
          {
            "start": { "line": 145, "column": 50 },
            "end": { "line": 145, "column": 68 }
          }
        ]
      },
      "18": {
        "type": "branch",
        "line": 183,
        "loc": {
          "start": { "line": 183, "column": 8 },
          "end": { "line": 184, "column": 15 }
        },
        "locations": [
          {
            "start": { "line": 183, "column": 8 },
            "end": { "line": 184, "column": 15 }
          }
        ]
      },
      "19": {
        "type": "branch",
        "line": 19,
        "loc": {
          "start": { "line": 19, "column": 12 },
          "end": { "line": 36, "column": 5 }
        },
        "locations": [
          {
            "start": { "line": 19, "column": 12 },
            "end": { "line": 36, "column": 5 }
          }
        ]
      },
      "20": {
        "type": "branch",
        "line": 20,
        "loc": {
          "start": { "line": 20, "column": 24 },
          "end": { "line": 33, "column": 6 }
        },
        "locations": [
          {
            "start": { "line": 20, "column": 24 },
            "end": { "line": 33, "column": 6 }
          }
        ]
      },
      "21": {
        "type": "branch",
        "line": 22,
        "loc": {
          "start": { "line": 22, "column": 19 },
          "end": { "line": 22, "column": 26 }
        },
        "locations": [
          {
            "start": { "line": 22, "column": 19 },
            "end": { "line": 22, "column": 26 }
          }
        ]
      },
      "22": {
        "type": "branch",
        "line": 22,
        "loc": {
          "start": { "line": 22, "column": 19 },
          "end": { "line": 25, "column": 53 }
        },
        "locations": [
          {
            "start": { "line": 22, "column": 19 },
            "end": { "line": 25, "column": 53 }
          }
        ]
      },
      "23": {
        "type": "branch",
        "line": 25,
        "loc": {
          "start": { "line": 25, "column": 51 },
          "end": { "line": 28, "column": 14 }
        },
        "locations": [
          {
            "start": { "line": 25, "column": 51 },
            "end": { "line": 28, "column": 14 }
          }
        ]
      },
      "24": {
        "type": "branch",
        "line": 28,
        "loc": {
          "start": { "line": 28, "column": 6 },
          "end": { "line": 30, "column": 8 }
        },
        "locations": [
          {
            "start": { "line": 28, "column": 6 },
            "end": { "line": 30, "column": 8 }
          }
        ]
      },
      "25": {
        "type": "branch",
        "line": 30,
        "loc": {
          "start": { "line": 30, "column": 6 },
          "end": { "line": 30, "column": 8 }
        },
        "locations": [
          {
            "start": { "line": 30, "column": 6 },
            "end": { "line": 30, "column": 8 }
          }
        ]
      },
      "26": {
        "type": "branch",
        "line": 82,
        "loc": {
          "start": { "line": 82, "column": 39 },
          "end": { "line": 89, "column": 24 }
        },
        "locations": [
          {
            "start": { "line": 82, "column": 39 },
            "end": { "line": 89, "column": 24 }
          }
        ]
      },
      "27": {
        "type": "branch",
        "line": 125,
        "loc": {
          "start": { "line": 125, "column": 55 },
          "end": { "line": 128, "column": 29 }
        },
        "locations": [
          {
            "start": { "line": 125, "column": 55 },
            "end": { "line": 128, "column": 29 }
          }
        ]
      },
      "28": {
        "type": "branch",
        "line": 156,
        "loc": {
          "start": { "line": 156, "column": 41 },
          "end": { "line": 177, "column": 26 }
        },
        "locations": [
          {
            "start": { "line": 156, "column": 41 },
            "end": { "line": 177, "column": 26 }
          }
        ]
      },
      "29": {
        "type": "branch",
        "line": 163,
        "loc": {
          "start": { "line": 163, "column": 62 },
          "end": { "line": 163, "column": 81 }
        },
        "locations": [
          {
            "start": { "line": 163, "column": 62 },
            "end": { "line": 163, "column": 81 }
          }
        ]
      },
      "30": {
        "type": "branch",
        "line": 172,
        "loc": {
          "start": { "line": 172, "column": 64 },
          "end": { "line": 172, "column": 81 }
        },
        "locations": [
          {
            "start": { "line": 172, "column": 64 },
            "end": { "line": 172, "column": 81 }
          }
        ]
      }
    },
    "b": {
      "0": [7],
      "1": [1],
      "2": [6],
      "3": [1],
      "4": [1],
      "5": [6],
      "6": [0],
      "7": [6],
      "8": [0],
      "9": [6],
      "10": [2],
      "11": [5],
      "12": [0],
      "13": [3],
      "14": [2],
      "15": [1],
      "16": [1],
      "17": [0],
      "18": [0],
      "19": [4],
      "20": [4],
      "21": [1],
      "22": [3],
      "23": [2],
      "24": [1],
      "25": [3],
      "26": [1],
      "27": [2],
      "28": [2],
      "29": [0],
      "30": [0]
    },
    "fnMap": {
      "0": {
        "name": "CardDetails",
        "decl": {
          "start": { "line": 9, "column": 20 },
          "end": { "line": 187, "column": 2 }
        },
        "loc": {
          "start": { "line": 9, "column": 20 },
          "end": { "line": 187, "column": 2 }
        },
        "line": 9
      },
      "1": {
        "name": "handleClick",
        "decl": {
          "start": { "line": 15, "column": 22 },
          "end": { "line": 17, "column": 4 }
        },
        "loc": {
          "start": { "line": 15, "column": 22 },
          "end": { "line": 17, "column": 4 }
        },
        "line": 15
      },
      "2": {
        "name": "loadDetails",
        "decl": {
          "start": { "line": 20, "column": 24 },
          "end": { "line": 33, "column": 6 }
        },
        "loc": {
          "start": { "line": 20, "column": 24 },
          "end": { "line": 33, "column": 6 }
        },
        "line": 20
      }
    },
    "f": { "0": 7, "1": 0, "2": 4 }
  },
  "C:\\GIT\\pokedex\\main\\src\\views\\Header\\Header.tsx": {
    "path": "C:\\GIT\\pokedex\\main\\src\\views\\Header\\Header.tsx",
    "all": false,
    "statementMap": {
      "0": {
        "start": { "line": 1, "column": 0 },
        "end": { "line": 1, "column": 61 }
      },
      "1": {
        "start": { "line": 2, "column": 0 },
        "end": { "line": 2, "column": 46 }
      },
      "2": {
        "start": { "line": 3, "column": 0 },
        "end": { "line": 3, "column": 22 }
      },
      "10": {
        "start": { "line": 11, "column": 0 },
        "end": { "line": 11, "column": 72 }
      },
      "11": {
        "start": { "line": 12, "column": 0 },
        "end": { "line": 12, "column": 10 }
      },
      "12": {
        "start": { "line": 13, "column": 0 },
        "end": { "line": 13, "column": 12 }
      },
      "13": {
        "start": { "line": 14, "column": 0 },
        "end": { "line": 14, "column": 29 }
      },
      "14": {
        "start": { "line": 15, "column": 0 },
        "end": { "line": 15, "column": 16 }
      },
      "15": {
        "start": { "line": 16, "column": 0 },
        "end": { "line": 16, "column": 28 }
      },
      "16": {
        "start": { "line": 17, "column": 0 },
        "end": { "line": 17, "column": 12 }
      },
      "17": {
        "start": { "line": 18, "column": 0 },
        "end": { "line": 18, "column": 16 }
      },
      "18": {
        "start": { "line": 19, "column": 0 },
        "end": { "line": 19, "column": 32 }
      },
      "19": {
        "start": { "line": 20, "column": 0 },
        "end": { "line": 20, "column": 19 }
      },
      "20": {
        "start": { "line": 21, "column": 0 },
        "end": { "line": 21, "column": 28 }
      },
      "21": {
        "start": { "line": 22, "column": 0 },
        "end": { "line": 22, "column": 27 }
      },
      "22": {
        "start": { "line": 23, "column": 0 },
        "end": { "line": 23, "column": 33 }
      },
      "23": {
        "start": { "line": 24, "column": 0 },
        "end": { "line": 24, "column": 37 }
      },
      "24": {
        "start": { "line": 25, "column": 0 },
        "end": { "line": 25, "column": 8 }
      },
      "25": {
        "start": { "line": 26, "column": 0 },
        "end": { "line": 26, "column": 13 }
      },
      "27": {
        "start": { "line": 28, "column": 0 },
        "end": { "line": 28, "column": 1 }
      },
      "29": {
        "start": { "line": 30, "column": 0 },
        "end": { "line": 30, "column": 22 }
      }
    },
    "s": {
      "0": 1,
      "1": 1,
      "2": 1,
      "10": 2,
      "11": 2,
      "12": 2,
      "13": 2,
      "14": 2,
      "15": 2,
      "16": 2,
      "17": 2,
      "18": 2,
      "19": 2,
      "20": 2,
      "21": 2,
      "22": 2,
      "23": 2,
      "24": 2,
      "25": 2,
      "27": 2,
      "29": 1
    },
    "branchMap": {
      "0": {
        "type": "branch",
        "line": 11,
        "loc": {
          "start": { "line": 11, "column": 0 },
          "end": { "line": 28, "column": 1 }
        },
        "locations": [
          {
            "start": { "line": 11, "column": 0 },
            "end": { "line": 28, "column": 1 }
          }
        ]
      }
    },
    "b": { "0": [2] },
    "fnMap": {
      "0": {
        "name": "Header",
        "decl": {
          "start": { "line": 11, "column": 0 },
          "end": { "line": 28, "column": 1 }
        },
        "loc": {
          "start": { "line": 11, "column": 0 },
          "end": { "line": 28, "column": 1 }
        },
        "line": 11
      }
    },
    "f": { "0": 2 }
  },
  "C:\\GIT\\pokedex\\main\\src\\views\\Main\\Main.tsx": {
    "path": "C:\\GIT\\pokedex\\main\\src\\views\\Main\\Main.tsx",
    "all": false,
    "statementMap": {
      "0": {
        "start": { "line": 1, "column": 0 },
        "end": { "line": 1, "column": 38 }
      },
      "1": {
        "start": { "line": 2, "column": 0 },
        "end": { "line": 2, "column": 58 }
      },
      "2": {
        "start": { "line": 3, "column": 0 },
        "end": { "line": 3, "column": 20 }
      },
      "10": {
        "start": { "line": 11, "column": 0 },
        "end": { "line": 11, "column": 52 }
      },
      "11": {
        "start": { "line": 12, "column": 0 },
        "end": { "line": 12, "column": 10 }
      },
      "12": {
        "start": { "line": 13, "column": 0 },
        "end": { "line": 13, "column": 37 }
      },
      "13": {
        "start": { "line": 14, "column": 0 },
        "end": { "line": 14, "column": 39 }
      },
      "14": {
        "start": { "line": 15, "column": 0 },
        "end": { "line": 15, "column": 64 }
      },
      "15": {
        "start": { "line": 16, "column": 0 },
        "end": { "line": 16, "column": 18 }
      },
      "16": {
        "start": { "line": 17, "column": 0 },
        "end": { "line": 17, "column": 12 }
      },
      "17": {
        "start": { "line": 18, "column": 0 },
        "end": { "line": 18, "column": 11 }
      },
      "19": {
        "start": { "line": 20, "column": 0 },
        "end": { "line": 20, "column": 1 }
      },
      "21": {
        "start": { "line": 22, "column": 0 },
        "end": { "line": 22, "column": 20 }
      }
    },
    "s": {
      "0": 1,
      "1": 1,
      "2": 1,
      "10": 2,
      "11": 2,
      "12": 2,
      "13": 2,
      "14": 2,
      "15": 2,
      "16": 2,
      "17": 2,
      "19": 2,
      "21": 1
    },
    "branchMap": {
      "0": {
        "type": "branch",
        "line": 11,
        "loc": {
          "start": { "line": 11, "column": 0 },
          "end": { "line": 20, "column": 1 }
        },
        "locations": [
          {
            "start": { "line": 11, "column": 0 },
            "end": { "line": 20, "column": 1 }
          }
        ]
      }
    },
    "b": { "0": [2] },
    "fnMap": {
      "0": {
        "name": "Main",
        "decl": {
          "start": { "line": 11, "column": 0 },
          "end": { "line": 20, "column": 1 }
        },
        "loc": {
          "start": { "line": 11, "column": 0 },
          "end": { "line": 20, "column": 1 }
        },
        "line": 11
      }
    },
    "f": { "0": 2 }
  },
  "C:\\GIT\\pokedex\\main\\src\\views\\NotFound\\NotFound.tsx": {
    "path": "C:\\GIT\\pokedex\\main\\src\\views\\NotFound\\NotFound.tsx",
    "all": false,
    "statementMap": {
      "0": {
        "start": { "line": 1, "column": 0 },
        "end": { "line": 1, "column": 34 }
      },
      "1": {
        "start": { "line": 2, "column": 0 },
        "end": { "line": 2, "column": 49 }
      },
      "3": {
        "start": { "line": 4, "column": 0 },
        "end": { "line": 4, "column": 36 }
      },
      "4": {
        "start": { "line": 5, "column": 0 },
        "end": { "line": 5, "column": 33 }
      },
      "6": {
        "start": { "line": 7, "column": 0 },
        "end": { "line": 7, "column": 19 }
      },
      "7": {
        "start": { "line": 8, "column": 0 },
        "end": { "line": 8, "column": 46 }
      },
      "8": {
        "start": { "line": 9, "column": 0 },
        "end": { "line": 9, "column": 42 }
      },
      "9": {
        "start": { "line": 10, "column": 0 },
        "end": { "line": 10, "column": 5 }
      },
      "10": {
        "start": { "line": 11, "column": 0 },
        "end": { "line": 11, "column": 17 }
      },
      "12": {
        "start": { "line": 13, "column": 0 },
        "end": { "line": 13, "column": 10 }
      },
      "13": {
        "start": { "line": 14, "column": 0 },
        "end": { "line": 14, "column": 37 }
      },
      "14": {
        "start": { "line": 15, "column": 0 },
        "end": { "line": 15, "column": 10 }
      },
      "15": {
        "start": { "line": 16, "column": 0 },
        "end": { "line": 16, "column": 35 }
      },
      "16": {
        "start": { "line": 17, "column": 0 },
        "end": { "line": 17, "column": 45 }
      },
      "17": {
        "start": { "line": 18, "column": 0 },
        "end": { "line": 18, "column": 14 }
      },
      "18": {
        "start": { "line": 19, "column": 0 },
        "end": { "line": 19, "column": 8 }
      },
      "20": {
        "start": { "line": 21, "column": 0 },
        "end": { "line": 21, "column": 25 }
      },
      "22": {
        "start": { "line": 23, "column": 0 },
        "end": { "line": 23, "column": 19 }
      },
      "23": {
        "start": { "line": 24, "column": 0 },
        "end": { "line": 24, "column": 56 }
      },
      "24": {
        "start": { "line": 25, "column": 0 },
        "end": { "line": 25, "column": 13 }
      },
      "25": {
        "start": { "line": 26, "column": 0 },
        "end": { "line": 26, "column": 10 }
      },
      "27": {
        "start": { "line": 28, "column": 0 },
        "end": { "line": 28, "column": 1 }
      }
    },
    "s": {
      "0": 1,
      "1": 1,
      "3": 5,
      "4": 5,
      "6": 5,
      "7": 3,
      "8": 3,
      "9": 3,
      "10": 5,
      "12": 5,
      "13": 5,
      "14": 5,
      "15": 5,
      "16": 5,
      "17": 5,
      "18": 5,
      "20": 5,
      "22": 5,
      "23": 5,
      "24": 5,
      "25": 5,
      "27": 5
    },
    "branchMap": {
      "0": {
        "type": "branch",
        "line": 4,
        "loc": {
          "start": { "line": 4, "column": 0 },
          "end": { "line": 28, "column": 1 }
        },
        "locations": [
          {
            "start": { "line": 4, "column": 0 },
            "end": { "line": 28, "column": 1 }
          }
        ]
      },
      "1": {
        "type": "branch",
        "line": 7,
        "loc": {
          "start": { "line": 7, "column": 12 },
          "end": { "line": 11, "column": 5 }
        },
        "locations": [
          {
            "start": { "line": 7, "column": 12 },
            "end": { "line": 11, "column": 5 }
          }
        ]
      }
    },
    "b": { "0": [5], "1": [3] },
    "fnMap": {
      "0": {
        "name": "NotFound",
        "decl": {
          "start": { "line": 4, "column": 0 },
          "end": { "line": 28, "column": 1 }
        },
        "loc": {
          "start": { "line": 4, "column": 0 },
          "end": { "line": 28, "column": 1 }
        },
        "line": 4
      }
    },
    "f": { "0": 5 }
  }
}
